<?xml version="1.0" encoding="UTF-8"?>
<!-- Generated by org.testng.reporters.JUnitXMLReporter -->
<testsuite hostname="CBT-075" name="Test" tests="10" failures="4" timestamp="8 Jan 2016 06:22:58 GMT" time="1166.132" errors="0">
  <testcase name="testHomeBrowseimage" time="136.954" classname="com.houzify.scripts.HomeTest"/>
  <testcase name="testFilterBrowse10images" time="80.461" classname="com.houzify.scripts.FilterTest"/>
  <testcase name="testSwipeFavouriteImages" time="137.446" classname="com.houzify.scripts.MyProfileTest">
    <failure type="java.lang.AssertionError" message="null">
      <![CDATA[java.lang.AssertionError: null
	at com.houzify.PO.MyProfilePO.swipeFavImg(MyProfilePO.java:109)
	at com.houzify.scripts.MyProfileTest.testSwipeFavouriteImages(MyProfileTest.java:44)
... Removed 29 stack frames]]>
    </failure>
  </testcase> <!-- testSwipeFavouriteImages -->
  <testcase name="testTopPicksBrowse10images" time="69.899" classname="com.houzify.scripts.TopPicksTest"/>
  <testcase name="testTutorial" time="97.775" classname="com.houzify.scripts.TutorialTest">
    <failure type="java.lang.AssertionError" message="null">
      <![CDATA[java.lang.AssertionError: null
	at com.houzify.PO.HomePO.swipeTutorialImg(HomePO.java:93)
	at com.houzify.scripts.TutorialTest.testTutorial(TutorialTest.java:42)
... Removed 29 stack frames]]>
    </failure>
  </testcase> <!-- testTutorial -->
  <testcase name="testFilterBrowse15images" time="98.384" classname="com.houzify.scripts.FilterTest"/>
  <testcase name="testSignupWithCameraPic" time="145.638" classname="com.houzify.scripts.NewUserRegTest"/>
  <testcase name="testInvalidLogin" time="22.532" classname="com.houzify.scripts.NewUserRegTest"/>
  <testcase name="testGoogleLogin" time="67.355" classname="com.houzify.scripts.NewUserRegTest">
    <failure type="java.lang.AssertionError" message="null">
      <![CDATA[java.lang.AssertionError: null
	at com.houzify.PO.NewUserRegPO.googleLogin(NewUserRegPO.java:382)
	at com.houzify.scripts.NewUserRegTest.testGoogleLogin(NewUserRegTest.java:131)
... Removed 29 stack frames]]>
    </failure>
  </testcase> <!-- testGoogleLogin -->
  <testcase name="testFBLogin" time="10.464" classname="com.houzify.scripts.NewUserRegTest">
    <failure type="java.lang.AssertionError" message="null">
      <![CDATA[java.lang.AssertionError: null
	at com.houzify.PO.HomePO.swipeHomeImg(HomePO.java:57)
	at com.houzify.scripts.NewUserRegTest.testFBLogin(NewUserRegTest.java:154)
... Removed 29 stack frames]]>
    </failure>
  </testcase> <!-- testFBLogin -->
</testsuite> <!-- Test -->
