<?xml version="1.0" encoding="UTF-8"?>
<testng-results skipped="0" failed="4" total="10" passed="6">
  <reporter-output>
  </reporter-output>
  <suite name="Suite" duration-ms="1166132" started-at="2016-01-08T06:03:31Z" finished-at="2016-01-08T06:22:58Z">
    <groups>
    </groups>
    <test name="Test" duration-ms="1166132" started-at="2016-01-08T06:03:31Z" finished-at="2016-01-08T06:22:58Z">
      <class name="com.houzify.scripts.TutorialTest">
        <test-method status="PASS" signature="setUp()[pri:0, instance:com.houzify.scripts.TutorialTest@dd3b207]" name="setUp" is-config="true" duration-ms="23679" started-at="2016-01-08T11:42:48Z" finished-at="2016-01-08T11:43:12Z">
          <reporter-output>
          </reporter-output>
        </test-method> <!-- setUp -->
        <test-method status="FAIL" signature="testTutorial()[pri:0, instance:com.houzify.scripts.TutorialTest@dd3b207]" name="testTutorial" duration-ms="97775" started-at="2016-01-08T11:43:12Z" finished-at="2016-01-08T11:44:50Z">
          <exception class="java.lang.AssertionError">
            <message>
              <![CDATA[null]]>
            </message>
            <full-stacktrace>
              <![CDATA[java.lang.AssertionError: null
	at org.testng.Assert.fail(Assert.java:94)
	at org.testng.Assert.fail(Assert.java:101)
	at com.houzify.PO.HomePO.swipeTutorialImg(HomePO.java:93)
	at com.houzify.scripts.TutorialTest.testTutorial(TutorialTest.java:42)
	at sun.reflect.NativeMethodAccessorImpl.invoke0(Native Method)
	at sun.reflect.NativeMethodAccessorImpl.invoke(NativeMethodAccessorImpl.java:62)
	at sun.reflect.DelegatingMethodAccessorImpl.invoke(DelegatingMethodAccessorImpl.java:43)
	at java.lang.reflect.Method.invoke(Method.java:497)
	at org.testng.internal.MethodInvocationHelper.invokeMethod(MethodInvocationHelper.java:84)
	at org.testng.internal.Invoker.invokeMethod(Invoker.java:714)
	at org.testng.internal.Invoker.invokeTestMethod(Invoker.java:901)
	at org.testng.internal.Invoker.invokeTestMethods(Invoker.java:1231)
	at org.testng.internal.TestMethodWorker.invokeTestMethods(TestMethodWorker.java:127)
	at org.testng.internal.TestMethodWorker.run(TestMethodWorker.java:111)
	at org.testng.TestRunner.privateRun(TestRunner.java:767)
	at org.testng.TestRunner.run(TestRunner.java:617)
	at org.testng.SuiteRunner.runTest(SuiteRunner.java:348)
	at org.testng.SuiteRunner.runSequentially(SuiteRunner.java:343)
	at org.testng.SuiteRunner.privateRun(SuiteRunner.java:305)
	at org.testng.SuiteRunner.run(SuiteRunner.java:254)
	at org.testng.SuiteRunnerWorker.runSuite(SuiteRunnerWorker.java:52)
	at org.testng.SuiteRunnerWorker.run(SuiteRunnerWorker.java:86)
	at org.testng.TestNG.runSuitesSequentially(TestNG.java:1224)
	at org.testng.TestNG.runSuitesLocally(TestNG.java:1149)
	at org.testng.TestNG.run(TestNG.java:1057)
	at org.apache.maven.surefire.testng.TestNGExecutor.run(TestNGExecutor.java:282)
	at org.apache.maven.surefire.testng.TestNGXmlTestSuite.execute(TestNGXmlTestSuite.java:83)
	at org.apache.maven.surefire.testng.TestNGProvider.invoke(TestNGProvider.java:114)
	at org.apache.maven.surefire.booter.ForkedBooter.invokeProviderInSameClassLoader(ForkedBooter.java:286)
	at org.apache.maven.surefire.booter.ForkedBooter.runSuitesInProcess(ForkedBooter.java:240)
	at org.apache.maven.surefire.booter.ForkedBooter.main(ForkedBooter.java:121)
]]>
            </full-stacktrace>
          </exception> <!-- java.lang.AssertionError -->
          <reporter-output>
          </reporter-output>
        </test-method> <!-- testTutorial -->
        <test-method status="PASS" signature="tearDown()[pri:0, instance:com.houzify.scripts.TutorialTest@dd3b207]" name="tearDown" is-config="true" duration-ms="1279" started-at="2016-01-08T11:44:55Z" finished-at="2016-01-08T11:44:57Z">
          <reporter-output>
          </reporter-output>
        </test-method> <!-- tearDown -->
      </class> <!-- com.houzify.scripts.TutorialTest -->
      <class name="com.houzify.scripts.HomeTest">
        <test-method status="PASS" signature="setUp()[pri:0, instance:com.houzify.scripts.HomeTest@7bc1a03d]" name="setUp" is-config="true" duration-ms="47153" started-at="2016-01-08T11:33:31Z" finished-at="2016-01-08T11:34:19Z">
          <reporter-output>
          </reporter-output>
        </test-method> <!-- setUp -->
        <test-method status="PASS" signature="testHomeBrowseimage()[pri:0, instance:com.houzify.scripts.HomeTest@7bc1a03d]" name="testHomeBrowseimage" duration-ms="136954" started-at="2016-01-08T11:34:19Z" finished-at="2016-01-08T11:36:36Z">
          <reporter-output>
          </reporter-output>
        </test-method> <!-- testHomeBrowseimage -->
        <test-method status="PASS" signature="tearDown()[pri:0, instance:com.houzify.scripts.HomeTest@7bc1a03d]" name="tearDown" is-config="true" duration-ms="1744" started-at="2016-01-08T11:36:36Z" finished-at="2016-01-08T11:36:37Z">
          <reporter-output>
          </reporter-output>
        </test-method> <!-- tearDown -->
      </class> <!-- com.houzify.scripts.HomeTest -->
      <class name="com.houzify.scripts.FilterTest">
        <test-method status="PASS" signature="setobjects()[pri:0, instance:com.houzify.scripts.FilterTest@59717824]" name="setobjects" is-config="true" duration-ms="5" started-at="2016-01-08T11:33:31Z" finished-at="2016-01-08T11:33:31Z">
          <reporter-output>
          </reporter-output>
        </test-method> <!-- setobjects -->
        <test-method status="PASS" signature="setUp()[pri:0, instance:com.houzify.scripts.FilterTest@59717824]" name="setUp" is-config="true" duration-ms="23133" started-at="2016-01-08T11:36:37Z" finished-at="2016-01-08T11:37:00Z">
          <reporter-output>
          </reporter-output>
        </test-method> <!-- setUp -->
        <test-method status="PASS" signature="testFilterBrowse10images()[pri:0, instance:com.houzify.scripts.FilterTest@59717824]" name="testFilterBrowse10images" duration-ms="80461" started-at="2016-01-08T11:37:00Z" finished-at="2016-01-08T11:38:21Z">
          <reporter-output>
          </reporter-output>
        </test-method> <!-- testFilterBrowse10images -->
        <test-method status="PASS" signature="tearDown()[pri:0, instance:com.houzify.scripts.FilterTest@59717824]" name="tearDown" is-config="true" duration-ms="2259" started-at="2016-01-08T11:38:21Z" finished-at="2016-01-08T11:38:23Z">
          <reporter-output>
          </reporter-output>
        </test-method> <!-- tearDown -->
        <test-method status="PASS" signature="setUp()[pri:0, instance:com.houzify.scripts.FilterTest@59717824]" name="setUp" is-config="true" duration-ms="23362" started-at="2016-01-08T11:44:57Z" finished-at="2016-01-08T11:45:20Z">
          <reporter-output>
          </reporter-output>
        </test-method> <!-- setUp -->
        <test-method status="PASS" signature="testFilterBrowse15images()[pri:0, instance:com.houzify.scripts.FilterTest@59717824]" name="testFilterBrowse15images" duration-ms="98384" started-at="2016-01-08T11:45:20Z" finished-at="2016-01-08T11:46:58Z">
          <reporter-output>
          </reporter-output>
        </test-method> <!-- testFilterBrowse15images -->
        <test-method status="PASS" signature="tearDown()[pri:0, instance:com.houzify.scripts.FilterTest@59717824]" name="tearDown" is-config="true" duration-ms="1520" started-at="2016-01-08T11:46:58Z" finished-at="2016-01-08T11:47:00Z">
          <reporter-output>
          </reporter-output>
        </test-method> <!-- tearDown -->
      </class> <!-- com.houzify.scripts.FilterTest -->
      <class name="com.houzify.scripts.TopPicksTest">
        <test-method status="PASS" signature="setUp()[pri:0, instance:com.houzify.scripts.TopPicksTest@ba8d91c]" name="setUp" is-config="true" duration-ms="23437" started-at="2016-01-08T11:41:13Z" finished-at="2016-01-08T11:41:37Z">
          <reporter-output>
          </reporter-output>
        </test-method> <!-- setUp -->
        <test-method status="PASS" signature="testTopPicksBrowse10images()[pri:0, instance:com.houzify.scripts.TopPicksTest@ba8d91c]" name="testTopPicksBrowse10images" duration-ms="69899" started-at="2016-01-08T11:41:37Z" finished-at="2016-01-08T11:42:46Z">
          <reporter-output>
          </reporter-output>
        </test-method> <!-- testTopPicksBrowse10images -->
        <test-method status="PASS" signature="tearDown()[pri:0, instance:com.houzify.scripts.TopPicksTest@ba8d91c]" name="tearDown" is-config="true" duration-ms="1895" started-at="2016-01-08T11:42:46Z" finished-at="2016-01-08T11:42:48Z">
          <reporter-output>
          </reporter-output>
        </test-method> <!-- tearDown -->
      </class> <!-- com.houzify.scripts.TopPicksTest -->
      <class name="com.houzify.scripts.NewUserRegTest">
        <test-method status="PASS" signature="setUp()[pri:0, instance:com.houzify.scripts.NewUserRegTest@6b1274d2]" name="setUp" is-config="true" duration-ms="25304" started-at="2016-01-08T11:47:00Z" finished-at="2016-01-08T11:47:25Z">
          <reporter-output>
          </reporter-output>
        </test-method> <!-- setUp -->
        <test-method status="PASS" signature="testSignupWithCameraPic()[pri:0, instance:com.houzify.scripts.NewUserRegTest@6b1274d2]" name="testSignupWithCameraPic" duration-ms="145638" started-at="2016-01-08T11:47:25Z" finished-at="2016-01-08T11:49:51Z">
          <reporter-output>
          </reporter-output>
        </test-method> <!-- testSignupWithCameraPic -->
        <test-method status="PASS" signature="tearDown()[pri:0, instance:com.houzify.scripts.NewUserRegTest@6b1274d2]" name="tearDown" is-config="true" duration-ms="1965" started-at="2016-01-08T11:49:51Z" finished-at="2016-01-08T11:49:53Z">
          <reporter-output>
          </reporter-output>
        </test-method> <!-- tearDown -->
        <test-method status="PASS" signature="setUp()[pri:0, instance:com.houzify.scripts.NewUserRegTest@6b1274d2]" name="setUp" is-config="true" duration-ms="24409" started-at="2016-01-08T11:49:53Z" finished-at="2016-01-08T11:50:17Z">
          <reporter-output>
          </reporter-output>
        </test-method> <!-- setUp -->
        <test-method status="PASS" signature="testInvalidLogin()[pri:0, instance:com.houzify.scripts.NewUserRegTest@6b1274d2]" name="testInvalidLogin" duration-ms="22532" started-at="2016-01-08T11:50:17Z" finished-at="2016-01-08T11:50:40Z">
          <reporter-output>
          </reporter-output>
        </test-method> <!-- testInvalidLogin -->
        <test-method status="PASS" signature="tearDown()[pri:0, instance:com.houzify.scripts.NewUserRegTest@6b1274d2]" name="tearDown" is-config="true" duration-ms="1431" started-at="2016-01-08T11:50:40Z" finished-at="2016-01-08T11:50:41Z">
          <reporter-output>
          </reporter-output>
        </test-method> <!-- tearDown -->
        <test-method status="PASS" signature="setUp()[pri:0, instance:com.houzify.scripts.NewUserRegTest@6b1274d2]" name="setUp" is-config="true" duration-ms="24638" started-at="2016-01-08T11:50:41Z" finished-at="2016-01-08T11:51:06Z">
          <reporter-output>
          </reporter-output>
        </test-method> <!-- setUp -->
        <test-method status="FAIL" signature="testGoogleLogin()[pri:0, instance:com.houzify.scripts.NewUserRegTest@6b1274d2]" name="testGoogleLogin" duration-ms="67355" started-at="2016-01-08T11:51:06Z" finished-at="2016-01-08T11:52:13Z">
          <exception class="java.lang.AssertionError">
            <message>
              <![CDATA[null]]>
            </message>
            <full-stacktrace>
              <![CDATA[java.lang.AssertionError: null
	at org.testng.Assert.fail(Assert.java:94)
	at org.testng.Assert.fail(Assert.java:101)
	at com.houzify.PO.NewUserRegPO.googleLogin(NewUserRegPO.java:382)
	at com.houzify.scripts.NewUserRegTest.testGoogleLogin(NewUserRegTest.java:131)
	at sun.reflect.NativeMethodAccessorImpl.invoke0(Native Method)
	at sun.reflect.NativeMethodAccessorImpl.invoke(NativeMethodAccessorImpl.java:62)
	at sun.reflect.DelegatingMethodAccessorImpl.invoke(DelegatingMethodAccessorImpl.java:43)
	at java.lang.reflect.Method.invoke(Method.java:497)
	at org.testng.internal.MethodInvocationHelper.invokeMethod(MethodInvocationHelper.java:84)
	at org.testng.internal.Invoker.invokeMethod(Invoker.java:714)
	at org.testng.internal.Invoker.invokeTestMethod(Invoker.java:901)
	at org.testng.internal.Invoker.invokeTestMethods(Invoker.java:1231)
	at org.testng.internal.TestMethodWorker.invokeTestMethods(TestMethodWorker.java:127)
	at org.testng.internal.TestMethodWorker.run(TestMethodWorker.java:111)
	at org.testng.TestRunner.privateRun(TestRunner.java:767)
	at org.testng.TestRunner.run(TestRunner.java:617)
	at org.testng.SuiteRunner.runTest(SuiteRunner.java:348)
	at org.testng.SuiteRunner.runSequentially(SuiteRunner.java:343)
	at org.testng.SuiteRunner.privateRun(SuiteRunner.java:305)
	at org.testng.SuiteRunner.run(SuiteRunner.java:254)
	at org.testng.SuiteRunnerWorker.runSuite(SuiteRunnerWorker.java:52)
	at org.testng.SuiteRunnerWorker.run(SuiteRunnerWorker.java:86)
	at org.testng.TestNG.runSuitesSequentially(TestNG.java:1224)
	at org.testng.TestNG.runSuitesLocally(TestNG.java:1149)
	at org.testng.TestNG.run(TestNG.java:1057)
	at org.apache.maven.surefire.testng.TestNGExecutor.run(TestNGExecutor.java:282)
	at org.apache.maven.surefire.testng.TestNGXmlTestSuite.execute(TestNGXmlTestSuite.java:83)
	at org.apache.maven.surefire.testng.TestNGProvider.invoke(TestNGProvider.java:114)
	at org.apache.maven.surefire.booter.ForkedBooter.invokeProviderInSameClassLoader(ForkedBooter.java:286)
	at org.apache.maven.surefire.booter.ForkedBooter.runSuitesInProcess(ForkedBooter.java:240)
	at org.apache.maven.surefire.booter.ForkedBooter.main(ForkedBooter.java:121)
]]>
            </full-stacktrace>
          </exception> <!-- java.lang.AssertionError -->
          <reporter-output>
          </reporter-output>
        </test-method> <!-- testGoogleLogin -->
        <test-method status="PASS" signature="tearDown()[pri:0, instance:com.houzify.scripts.NewUserRegTest@6b1274d2]" name="tearDown" is-config="true" duration-ms="1290" started-at="2016-01-08T11:52:17Z" finished-at="2016-01-08T11:52:18Z">
          <reporter-output>
          </reporter-output>
        </test-method> <!-- tearDown -->
        <test-method status="PASS" signature="setUp()[pri:0, instance:com.houzify.scripts.NewUserRegTest@6b1274d2]" name="setUp" is-config="true" duration-ms="24851" started-at="2016-01-08T11:52:18Z" finished-at="2016-01-08T11:52:43Z">
          <reporter-output>
          </reporter-output>
        </test-method> <!-- setUp -->
        <test-method status="FAIL" signature="testFBLogin()[pri:0, instance:com.houzify.scripts.NewUserRegTest@6b1274d2]" name="testFBLogin" duration-ms="10464" started-at="2016-01-08T11:52:43Z" finished-at="2016-01-08T11:52:54Z">
          <exception class="java.lang.AssertionError">
            <message>
              <![CDATA[null]]>
            </message>
            <full-stacktrace>
              <![CDATA[java.lang.AssertionError: null
	at org.testng.Assert.fail(Assert.java:94)
	at org.testng.Assert.fail(Assert.java:101)
	at com.houzify.PO.HomePO.swipeHomeImg(HomePO.java:57)
	at com.houzify.scripts.NewUserRegTest.testFBLogin(NewUserRegTest.java:154)
	at sun.reflect.NativeMethodAccessorImpl.invoke0(Native Method)
	at sun.reflect.NativeMethodAccessorImpl.invoke(NativeMethodAccessorImpl.java:62)
	at sun.reflect.DelegatingMethodAccessorImpl.invoke(DelegatingMethodAccessorImpl.java:43)
	at java.lang.reflect.Method.invoke(Method.java:497)
	at org.testng.internal.MethodInvocationHelper.invokeMethod(MethodInvocationHelper.java:84)
	at org.testng.internal.Invoker.invokeMethod(Invoker.java:714)
	at org.testng.internal.Invoker.invokeTestMethod(Invoker.java:901)
	at org.testng.internal.Invoker.invokeTestMethods(Invoker.java:1231)
	at org.testng.internal.TestMethodWorker.invokeTestMethods(TestMethodWorker.java:127)
	at org.testng.internal.TestMethodWorker.run(TestMethodWorker.java:111)
	at org.testng.TestRunner.privateRun(TestRunner.java:767)
	at org.testng.TestRunner.run(TestRunner.java:617)
	at org.testng.SuiteRunner.runTest(SuiteRunner.java:348)
	at org.testng.SuiteRunner.runSequentially(SuiteRunner.java:343)
	at org.testng.SuiteRunner.privateRun(SuiteRunner.java:305)
	at org.testng.SuiteRunner.run(SuiteRunner.java:254)
	at org.testng.SuiteRunnerWorker.runSuite(SuiteRunnerWorker.java:52)
	at org.testng.SuiteRunnerWorker.run(SuiteRunnerWorker.java:86)
	at org.testng.TestNG.runSuitesSequentially(TestNG.java:1224)
	at org.testng.TestNG.runSuitesLocally(TestNG.java:1149)
	at org.testng.TestNG.run(TestNG.java:1057)
	at org.apache.maven.surefire.testng.TestNGExecutor.run(TestNGExecutor.java:282)
	at org.apache.maven.surefire.testng.TestNGXmlTestSuite.execute(TestNGXmlTestSuite.java:83)
	at org.apache.maven.surefire.testng.TestNGProvider.invoke(TestNGProvider.java:114)
	at org.apache.maven.surefire.booter.ForkedBooter.invokeProviderInSameClassLoader(ForkedBooter.java:286)
	at org.apache.maven.surefire.booter.ForkedBooter.runSuitesInProcess(ForkedBooter.java:240)
	at org.apache.maven.surefire.booter.ForkedBooter.main(ForkedBooter.java:121)
]]>
            </full-stacktrace>
          </exception> <!-- java.lang.AssertionError -->
          <reporter-output>
          </reporter-output>
        </test-method> <!-- testFBLogin -->
        <test-method status="PASS" signature="tearDown()[pri:0, instance:com.houzify.scripts.NewUserRegTest@6b1274d2]" name="tearDown" is-config="true" duration-ms="1451" started-at="2016-01-08T11:52:56Z" finished-at="2016-01-08T11:52:58Z">
          <reporter-output>
          </reporter-output>
        </test-method> <!-- tearDown -->
      </class> <!-- com.houzify.scripts.NewUserRegTest -->
      <class name="com.houzify.scripts.MyProfileTest">
        <test-method status="PASS" signature="setUp()[pri:0, instance:com.houzify.scripts.MyProfileTest@70b0b186]" name="setUp" is-config="true" duration-ms="23881" started-at="2016-01-08T11:38:23Z" finished-at="2016-01-08T11:38:47Z">
          <reporter-output>
          </reporter-output>
        </test-method> <!-- setUp -->
        <test-method status="FAIL" signature="testSwipeFavouriteImages()[pri:0, instance:com.houzify.scripts.MyProfileTest@70b0b186]" name="testSwipeFavouriteImages" duration-ms="137446" started-at="2016-01-08T11:38:47Z" finished-at="2016-01-08T11:41:05Z">
          <exception class="java.lang.AssertionError">
            <message>
              <![CDATA[null]]>
            </message>
            <full-stacktrace>
              <![CDATA[java.lang.AssertionError: null
	at org.testng.Assert.fail(Assert.java:94)
	at org.testng.Assert.fail(Assert.java:101)
	at com.houzify.PO.MyProfilePO.swipeFavImg(MyProfilePO.java:109)
	at com.houzify.scripts.MyProfileTest.testSwipeFavouriteImages(MyProfileTest.java:44)
	at sun.reflect.NativeMethodAccessorImpl.invoke0(Native Method)
	at sun.reflect.NativeMethodAccessorImpl.invoke(NativeMethodAccessorImpl.java:62)
	at sun.reflect.DelegatingMethodAccessorImpl.invoke(DelegatingMethodAccessorImpl.java:43)
	at java.lang.reflect.Method.invoke(Method.java:497)
	at org.testng.internal.MethodInvocationHelper.invokeMethod(MethodInvocationHelper.java:84)
	at org.testng.internal.Invoker.invokeMethod(Invoker.java:714)
	at org.testng.internal.Invoker.invokeTestMethod(Invoker.java:901)
	at org.testng.internal.Invoker.invokeTestMethods(Invoker.java:1231)
	at org.testng.internal.TestMethodWorker.invokeTestMethods(TestMethodWorker.java:127)
	at org.testng.internal.TestMethodWorker.run(TestMethodWorker.java:111)
	at org.testng.TestRunner.privateRun(TestRunner.java:767)
	at org.testng.TestRunner.run(TestRunner.java:617)
	at org.testng.SuiteRunner.runTest(SuiteRunner.java:348)
	at org.testng.SuiteRunner.runSequentially(SuiteRunner.java:343)
	at org.testng.SuiteRunner.privateRun(SuiteRunner.java:305)
	at org.testng.SuiteRunner.run(SuiteRunner.java:254)
	at org.testng.SuiteRunnerWorker.runSuite(SuiteRunnerWorker.java:52)
	at org.testng.SuiteRunnerWorker.run(SuiteRunnerWorker.java:86)
	at org.testng.TestNG.runSuitesSequentially(TestNG.java:1224)
	at org.testng.TestNG.runSuitesLocally(TestNG.java:1149)
	at org.testng.TestNG.run(TestNG.java:1057)
	at org.apache.maven.surefire.testng.TestNGExecutor.run(TestNGExecutor.java:282)
	at org.apache.maven.surefire.testng.TestNGXmlTestSuite.execute(TestNGXmlTestSuite.java:83)
	at org.apache.maven.surefire.testng.TestNGProvider.invoke(TestNGProvider.java:114)
	at org.apache.maven.surefire.booter.ForkedBooter.invokeProviderInSameClassLoader(ForkedBooter.java:286)
	at org.apache.maven.surefire.booter.ForkedBooter.runSuitesInProcess(ForkedBooter.java:240)
	at org.apache.maven.surefire.booter.ForkedBooter.main(ForkedBooter.java:121)
]]>
            </full-stacktrace>
          </exception> <!-- java.lang.AssertionError -->
          <reporter-output>
          </reporter-output>
        </test-method> <!-- testSwipeFavouriteImages -->
        <test-method status="PASS" signature="tearDown()[pri:0, instance:com.houzify.scripts.MyProfileTest@70b0b186]" name="tearDown" is-config="true" duration-ms="1315" started-at="2016-01-08T11:41:12Z" finished-at="2016-01-08T11:41:13Z">
          <reporter-output>
          </reporter-output>
        </test-method> <!-- tearDown -->
      </class> <!-- com.houzify.scripts.MyProfileTest -->
    </test> <!-- Test -->
  </suite> <!-- Suite -->
</testng-results>
